0 info it worked if it ends with ok
1 verbose cli [ 'node', '/usr/local/bin/npm', 'publish' ]
2 info using npm@1.3.21
3 info using node@v0.10.24
4 verbose publish [ '.' ]
5 verbose cache add [ '.', null ]
6 verbose cache add name=undefined spec="." args=[".",null]
7 verbose parsed url { protocol: null,
7 verbose parsed url   slashes: null,
7 verbose parsed url   auth: null,
7 verbose parsed url   host: null,
7 verbose parsed url   port: null,
7 verbose parsed url   hostname: null,
7 verbose parsed url   hash: null,
7 verbose parsed url   search: null,
7 verbose parsed url   query: null,
7 verbose parsed url   pathname: '.',
7 verbose parsed url   path: '.',
7 verbose parsed url   href: '.' }
8 silly lockFile 3a52ce78- .
9 verbose lock . /Users/simonsu/.npm/3a52ce78-.lock
10 verbose tar pack [ '/var/folders/2v/c5mwdhks52z70sl0sk6t0zgc0000gn/T/npm-61625-PIQ-SeAm/1391738441975-0.6019889591261744/tmp.tgz',
10 verbose tar pack   '.' ]
11 verbose tarball /var/folders/2v/c5mwdhks52z70sl0sk6t0zgc0000gn/T/npm-61625-PIQ-SeAm/1391738441975-0.6019889591261744/tmp.tgz
12 verbose folder .
13 info prepublish nodeutil@0.0.28
14 silly lockFile 1f1177db-tar tar://.
15 verbose lock tar://. /Users/simonsu/.npm/1f1177db-tar.lock
16 silly lockFile fa74105e-41975-0-6019889591261744-tmp-tgz tar:///var/folders/2v/c5mwdhks52z70sl0sk6t0zgc0000gn/T/npm-61625-PIQ-SeAm/1391738441975-0.6019889591261744/tmp.tgz
17 verbose lock tar:///var/folders/2v/c5mwdhks52z70sl0sk6t0zgc0000gn/T/npm-61625-PIQ-SeAm/1391738441975-0.6019889591261744/tmp.tgz /Users/simonsu/.npm/fa74105e-41975-0-6019889591261744-tmp-tgz.lock
18 silly lockFile 1f1177db-tar tar://.
19 silly lockFile 1f1177db-tar tar://.
20 silly lockFile fa74105e-41975-0-6019889591261744-tmp-tgz tar:///var/folders/2v/c5mwdhks52z70sl0sk6t0zgc0000gn/T/npm-61625-PIQ-SeAm/1391738441975-0.6019889591261744/tmp.tgz
21 silly lockFile fa74105e-41975-0-6019889591261744-tmp-tgz tar:///var/folders/2v/c5mwdhks52z70sl0sk6t0zgc0000gn/T/npm-61625-PIQ-SeAm/1391738441975-0.6019889591261744/tmp.tgz
22 verbose tar unpack /var/folders/2v/c5mwdhks52z70sl0sk6t0zgc0000gn/T/npm-61625-PIQ-SeAm/1391738441975-0.6019889591261744/tmp.tgz
23 silly lockFile 077545a1-41975-0-6019889591261744-package tar:///var/folders/2v/c5mwdhks52z70sl0sk6t0zgc0000gn/T/npm-61625-PIQ-SeAm/1391738441975-0.6019889591261744/package
24 verbose lock tar:///var/folders/2v/c5mwdhks52z70sl0sk6t0zgc0000gn/T/npm-61625-PIQ-SeAm/1391738441975-0.6019889591261744/package /Users/simonsu/.npm/077545a1-41975-0-6019889591261744-package.lock
25 silly lockFile fa74105e-41975-0-6019889591261744-tmp-tgz tar:///var/folders/2v/c5mwdhks52z70sl0sk6t0zgc0000gn/T/npm-61625-PIQ-SeAm/1391738441975-0.6019889591261744/tmp.tgz
26 verbose lock tar:///var/folders/2v/c5mwdhks52z70sl0sk6t0zgc0000gn/T/npm-61625-PIQ-SeAm/1391738441975-0.6019889591261744/tmp.tgz /Users/simonsu/.npm/fa74105e-41975-0-6019889591261744-tmp-tgz.lock
27 silly gunzTarPerm modes [ '755', '644' ]
28 silly gunzTarPerm extractEntry package.json
29 silly gunzTarPerm extractEntry README.md
30 silly gunzTarPerm extractEntry index.js
31 silly gunzTarPerm extractEntry RELEASE.md
32 silly gunzTarPerm extractEntry bin/test.js
33 silly gunzTarPerm extractEntry bin/nmail
34 silly gunzTarPerm extractEntry lib/cfgutil.js
35 silly gunzTarPerm extractEntry lib/sqlutil.js
36 silly gunzTarPerm extractEntry lib/guid.js
37 silly gunzTarPerm extractEntry lib/hasher.js
38 silly gunzTarPerm extractEntry lib/dateutil.js
39 silly gunzTarPerm extractEntry lib/index.js
40 silly gunzTarPerm extractEntry lib/logger.js
41 silly gunzTarPerm extractEntry lib/mailutil.js
42 silly gunzTarPerm extractEntry lib/xml2json.js
43 silly gunzTarPerm extractEntry lib/git/json-to-table.js
44 silly gunzTarPerm extractEntry lib/git/step.js
45 silly gunzTarPerm extractEntry lib/git/xml2json.js
46 silly gunzTarPerm extractEntry lib/git/readme.txt
47 silly gunzTarPerm extractEntry lib/http/httputil.js
48 silly lockFile 077545a1-41975-0-6019889591261744-package tar:///var/folders/2v/c5mwdhks52z70sl0sk6t0zgc0000gn/T/npm-61625-PIQ-SeAm/1391738441975-0.6019889591261744/package
49 silly lockFile 077545a1-41975-0-6019889591261744-package tar:///var/folders/2v/c5mwdhks52z70sl0sk6t0zgc0000gn/T/npm-61625-PIQ-SeAm/1391738441975-0.6019889591261744/package
50 silly lockFile fa74105e-41975-0-6019889591261744-tmp-tgz tar:///var/folders/2v/c5mwdhks52z70sl0sk6t0zgc0000gn/T/npm-61625-PIQ-SeAm/1391738441975-0.6019889591261744/tmp.tgz
51 silly lockFile fa74105e-41975-0-6019889591261744-tmp-tgz tar:///var/folders/2v/c5mwdhks52z70sl0sk6t0zgc0000gn/T/npm-61625-PIQ-SeAm/1391738441975-0.6019889591261744/tmp.tgz
52 verbose tar pack [ '/Users/simonsu/.npm/nodeutil/0.0.28/package.tgz',
52 verbose tar pack   '/var/folders/2v/c5mwdhks52z70sl0sk6t0zgc0000gn/T/npm-61625-PIQ-SeAm/1391738441975-0.6019889591261744/package' ]
53 verbose tarball /Users/simonsu/.npm/nodeutil/0.0.28/package.tgz
54 verbose folder /var/folders/2v/c5mwdhks52z70sl0sk6t0zgc0000gn/T/npm-61625-PIQ-SeAm/1391738441975-0.6019889591261744/package
55 silly lockFile 077545a1-41975-0-6019889591261744-package tar:///var/folders/2v/c5mwdhks52z70sl0sk6t0zgc0000gn/T/npm-61625-PIQ-SeAm/1391738441975-0.6019889591261744/package
56 verbose lock tar:///var/folders/2v/c5mwdhks52z70sl0sk6t0zgc0000gn/T/npm-61625-PIQ-SeAm/1391738441975-0.6019889591261744/package /Users/simonsu/.npm/077545a1-41975-0-6019889591261744-package.lock
57 silly lockFile aa80f4bb--npm-nodeutil-0-0-28-package-tgz tar:///Users/simonsu/.npm/nodeutil/0.0.28/package.tgz
58 verbose lock tar:///Users/simonsu/.npm/nodeutil/0.0.28/package.tgz /Users/simonsu/.npm/aa80f4bb--npm-nodeutil-0-0-28-package-tgz.lock
59 silly lockFile 077545a1-41975-0-6019889591261744-package tar:///var/folders/2v/c5mwdhks52z70sl0sk6t0zgc0000gn/T/npm-61625-PIQ-SeAm/1391738441975-0.6019889591261744/package
60 silly lockFile 077545a1-41975-0-6019889591261744-package tar:///var/folders/2v/c5mwdhks52z70sl0sk6t0zgc0000gn/T/npm-61625-PIQ-SeAm/1391738441975-0.6019889591261744/package
61 silly lockFile aa80f4bb--npm-nodeutil-0-0-28-package-tgz tar:///Users/simonsu/.npm/nodeutil/0.0.28/package.tgz
62 silly lockFile aa80f4bb--npm-nodeutil-0-0-28-package-tgz tar:///Users/simonsu/.npm/nodeutil/0.0.28/package.tgz
63 silly lockFile e6c58385-onsu-npm-nodeutil-0-0-28-package /Users/simonsu/.npm/nodeutil/0.0.28/package
64 verbose lock /Users/simonsu/.npm/nodeutil/0.0.28/package /Users/simonsu/.npm/e6c58385-onsu-npm-nodeutil-0-0-28-package.lock
65 silly lockFile e6c58385-onsu-npm-nodeutil-0-0-28-package /Users/simonsu/.npm/nodeutil/0.0.28/package
66 silly lockFile e6c58385-onsu-npm-nodeutil-0-0-28-package /Users/simonsu/.npm/nodeutil/0.0.28/package
67 verbose tar unpack /Users/simonsu/.npm/nodeutil/0.0.28/package.tgz
68 silly lockFile cb49c7e8-onsu-npm-nodeutil-0-0-28-package tar:///Users/simonsu/.npm/nodeutil/0.0.28/package
69 verbose lock tar:///Users/simonsu/.npm/nodeutil/0.0.28/package /Users/simonsu/.npm/cb49c7e8-onsu-npm-nodeutil-0-0-28-package.lock
70 silly lockFile aa80f4bb--npm-nodeutil-0-0-28-package-tgz tar:///Users/simonsu/.npm/nodeutil/0.0.28/package.tgz
71 verbose lock tar:///Users/simonsu/.npm/nodeutil/0.0.28/package.tgz /Users/simonsu/.npm/aa80f4bb--npm-nodeutil-0-0-28-package-tgz.lock
72 silly gunzTarPerm modes [ '755', '644' ]
73 silly gunzTarPerm extractEntry package.json
74 silly gunzTarPerm extractEntry README.md
75 silly gunzTarPerm extractEntry index.js
76 silly gunzTarPerm extractEntry RELEASE.md
77 silly gunzTarPerm extractEntry bin/test.js
78 silly gunzTarPerm extractEntry bin/nmail
79 silly gunzTarPerm extractEntry lib/cfgutil.js
80 silly gunzTarPerm extractEntry lib/sqlutil.js
81 silly gunzTarPerm extractEntry lib/guid.js
82 silly gunzTarPerm extractEntry lib/hasher.js
83 silly gunzTarPerm extractEntry lib/dateutil.js
84 silly gunzTarPerm extractEntry lib/index.js
85 silly gunzTarPerm extractEntry lib/logger.js
86 silly gunzTarPerm extractEntry lib/mailutil.js
87 silly gunzTarPerm extractEntry lib/xml2json.js
88 silly gunzTarPerm extractEntry lib/git/json-to-table.js
89 silly gunzTarPerm extractEntry lib/git/step.js
90 silly gunzTarPerm extractEntry lib/git/xml2json.js
91 silly gunzTarPerm extractEntry lib/git/readme.txt
92 silly gunzTarPerm extractEntry lib/http/httputil.js
93 silly lockFile cb49c7e8-onsu-npm-nodeutil-0-0-28-package tar:///Users/simonsu/.npm/nodeutil/0.0.28/package
94 silly lockFile cb49c7e8-onsu-npm-nodeutil-0-0-28-package tar:///Users/simonsu/.npm/nodeutil/0.0.28/package
95 silly lockFile aa80f4bb--npm-nodeutil-0-0-28-package-tgz tar:///Users/simonsu/.npm/nodeutil/0.0.28/package.tgz
96 silly lockFile aa80f4bb--npm-nodeutil-0-0-28-package-tgz tar:///Users/simonsu/.npm/nodeutil/0.0.28/package.tgz
97 verbose chmod /Users/simonsu/.npm/nodeutil/0.0.28/package.tgz 644
98 verbose chown /Users/simonsu/.npm/nodeutil/0.0.28/package.tgz [ 501, 20 ]
99 silly lockFile 3a52ce78- .
100 silly lockFile 3a52ce78- .
101 silly publish { name: 'nodeutil',
101 silly publish   description: 'Node.js Utility',
101 silly publish   version: '0.0.28',
101 silly publish   author: { name: 'Simon Su', email: 'simonsu@mitac.com.tw' },
101 silly publish   contributors: [ { name: 'Simon Su', email: 'simonsu@mitac.com.tw' } ],
101 silly publish   dependencies:
101 silly publish    { nodemailer: '0.3.37',
101 silly publish      request: '2.16.2',
101 silly publish      xml2js: '*',
101 silly publish      log4js: '0.6.3',
101 silly publish      underscore: '~1.5.0' },
101 silly publish   devDependencies: { nodemailer: '*' },
101 silly publish   bin: { nmail: './bin/nmail' },
101 silly publish   keywords: [ 'utility' ],
101 silly publish   repository: { type: 'git', url: 'https://github.com/peihsinsu/nodeutil' },
101 silly publish   main: 'index',
101 silly publish   engines: { node: '>= 0.6.0' },
101 silly publish   _id: 'nodeutil@0.0.28',
101 silly publish   optionalDependencies: {},
101 silly publish   _engineSupported: true,
101 silly publish   _npmVersion: '1.1.9',
101 silly publish   _nodeVersion: 'v0.6.13',
101 silly publish   _defaultsLoaded: true,
101 silly publish   dist: { shasum: '61292a00bde1d65137ef6c943c66c5a67dc0b9c3' },
101 silly publish   _from: '.',
101 silly publish   readme: 'NodeUtil\n====================\n\nThis is just a tool collect for easy use of some tool library. I will pack some operation for more easy to use.\n\n## Install\n\n<pre>\nnpm install nodeutil\n</pre>\n\n## Usage\n\n<pre>\nvar nu = require(\'nodeutil\');\n</pre>\n\n## Using logger\n\n<pre>\nvar log = nu.logger.getInstance();\nlog.info(\'Test logger...\');\n</pre>\n\nOr you can insert log name to getInstance() to catelogry your log...\n<pre>\nvar log = nu.logger.getInstance(\'MAIN_LOG\');\n</pre>\n\n## Using dateutil\n\n<pre>\nvar dateutil = no.dateutil;\nvar pattern = \'yyyymmdd hh24:mi:ss\';\ndateutil.getNowString(pattern);\ndateutil.getDateString(new Date(), pattern)\n</pre>\n\n## Using step\n\n<pre>\nvar Step = nu.step;\nStep(\n  function step1(){\n    //do something...\n    return something1;\n  },\n  function step2(step1_returned){\n    //do something\n    return something2;\n  },\n  ...\n)\n</pre>\n\n## Using cfgutil\n\n<pre>\nvar cfgutil = nu.cfgutil;\n//read from json file\nvar cfg = cfgutil.readJsonCfg(\'path to json config file\');\n</pre>\n\n## Using mailutil\n\n```javascript\nvar mailer = nu.mailutil;\n\nmailer.init(\n  {"smtpOptions":{"service":"Gmail", "auth": {"user": "your-account","pass": "your-password"}}, "sender": "NO-REPLY <no-reply@micloud.tw>"}\n);\n\nmailer.sendNodeMailAsync(\'receiver@gmail.com\',\n  \'test mail send...\',\n  \'send mail OK!\',\n  true,\n  function(){\n    console.log(\'Send mail done...\');\n  }\n);\n```\n\nUsing mailutil through localhost sendmail service\n\n```javascript\nvar mailer = require(\'nodeutil\').mailutil;\n\nmailer.init(\n      {"smtpOptions":{"host":"localhost"}, "sender": "NO-REPLY <no-reply@micloud.tw>"}\n    );\n\nmailer.sendNodeMailAsync(\'yourmail@gmail.com\',\n  \'test mail send...\',\n  \'send mail OK!\',\n  true,\n  function(){\n    console.log(\'Send mail done...\');\n  }\n);\n```\n\nAdvance using mailutil...\n\n```javascript\nmailer.init(\n  {"smtpOptions": {"service":"Gmail",\n    "auth": {\n      "user": "your_mail_username", "pass": "your_password"\n    }},\n    "sender": "NO-REPLY <no-reply@your.mail.address>"\n  }\n);\n\nmailer.sendNodeMail({\n    to:["receiver1@gmail.com"],\n    subject: "test123",\n    html:"<h1>TEST123</h1>",\n    cc:["cc-receiver@gmail.com"],\n    attachments: [//see detail: https://github.com/andris9/Nodemailer#attachment-fields\n       {   // utf-8 string as an attachment\n            fileName: "text1.txt",\n            contents: "hello world!"\n        },\n        {   // binary buffer as an attachment\n            fileName: "text2.txt",\n            contents: new Buffer("hello world!","utf-8")\n        }]\n  },\n  true, function(res){\n    console.log(res);\n  }\n);\n```\n\n## Convert Json to Table\n```javascript\nvar json2table = nu.json2table;\nvar json = [{aaa:123, bbb:223}, {aaa:223, bbb:323}];\nconsole.log(json2table.ConvertJsonToTable(json));\n```\n\nThe result:\n```html\n<table border="1" cellpadding="1" cellspacing="1"><thead><tr><th>aaa</th><th>bbb</th></tr></thead><tbody><tr><td>123</td><td>223</td></tr><tr><td>223</td><td>323</td></tr></tbody></table>\n```\n\n## Generate GUID\n```javascript\nvar guid = nu.guid;\n//Generate a guid without prefix and postfix\nconsole.log( guid.getGuid(\'%s%s%s\', 0,0));\n//Generate a guid with 2 digit prefix and 3 digit postfix\nconsole.log( guid.getSimpleGuid(\'%s-%s-%s\', 2,3));\n\n//Generate a guid using specifc seed\nvar a = \'12341234\'\nconsole.log( guid.getSimpleGuidWithSeed(a, \'%s-%s-%s\', 2,3));\n```\n\nThe result:\n```bash\n-13ee608f7e0-\nFE-13ee608f7e1-Dia\nrm-12341234-eep\n```\n',
101 silly publish   readmeFilename: 'README.md',
101 silly publish   bugs: { url: 'https://github.com/peihsinsu/nodeutil/issues' },
101 silly publish   homepage: 'https://github.com/peihsinsu/nodeutil' }
102 error need auth auth and email required for publishing
102 error need auth You need to authorize this machine using `npm adduser`
103 error System Darwin 13.0.2
104 error command "node" "/usr/local/bin/npm" "publish"
105 error cwd /Users/simonsu/project/github-projects/nodeutil
106 error node -v v0.10.24
107 error npm -v 1.3.21
108 error code ENEEDAUTH
109 verbose exit [ 1, true ]
